-------------------------------------------------------------------------------
Test set: com.sd4.application.AssignmentTwo2022ApplicationTests
-------------------------------------------------------------------------------
Tests run: 1, Failures: 0, Errors: 1, Skipped: 0, Time elapsed: 1.611 s <<< FAILURE! - in com.sd4.application.AssignmentTwo2022ApplicationTests
contextLoads  Time elapsed: 0 s  <<< ERROR!
java.lang.ClassFormatError: Invalid superclass index 0 in class file com/sd4/model/Beer

